============================= test session starts ==============================
platform linux -- Python 3.12.3, pytest-9.0.3, pluggy-1.6.0 -- /home/rajasekhar/vibe-coding/raj_trading_bot/.venv/bin/python3
cachedir: .pytest_cache
rootdir: /home/rajasekhar/vibe-coding/raj_trading_bot
configfile: pytest.ini
testpaths: tests
plugins: asyncio-1.4.0, anyio-4.13.0, timeout-2.4.0
asyncio: mode=Mode.AUTO, debug=False, asyncio_default_fixture_loop_scope=None, asyncio_default_test_loop_scope=function
collecting ... collected 413 items

tests/test_comprehensive_e2e.py::TestZerodhaWebSocket::test_binary_extended_packet_updates_cache PASSED [  0%]
tests/test_comprehensive_e2e.py::TestZerodhaWebSocket::test_binary_ltp_packet_negative_price PASSED [  0%]
tests/test_comprehensive_e2e.py::TestZerodhaWebSocket::test_binary_ltp_packet_updates_price_cache PASSED [  0%]
tests/test_comprehensive_e2e.py::TestZerodhaWebSocket::test_binary_ltp_packet_zero_price PASSED [  0%]
tests/test_comprehensive_e2e.py::TestZerodhaWebSocket::test_binary_ohlc_packet_updates_cache PASSED [  1%]
tests/test_comprehensive_e2e.py::TestZerodhaWebSocket::test_binary_ohlc_packet_updates_ohlc_cache PASSED [  1%]
tests/test_comprehensive_e2e.py::TestZerodhaWebSocket::test_binary_packet_empty_data PASSED [  1%]
tests/test_comprehensive_e2e.py::TestZerodhaWebSocket::test_binary_packet_short_data PASSED [  1%]
tests/test_comprehensive_e2e.py::TestZerodhaWebSocket::test_binary_packet_unknown_token PASSED [  2%]
tests/test_comprehensive_e2e.py::TestZerodhaWebSocket::test_connect_sets_ws_attribute PASSED [  2%]
tests/test_comprehensive_e2e.py::TestZerodhaWebSocket::test_connect_starts_thread PASSED [  2%]
tests/test_comprehensive_e2e.py::TestZerodhaWebSocket::test_disconnect_cleans_up PASSED [  2%]
tests/test_comprehensive_e2e.py::TestZerodhaWebSocket::test_disconnect_without_connect PASSED [  3%]
tests/test_comprehensive_e2e.py::TestZerodhaWebSocket::test_get_price_unknown_symbol PASSED [  3%]
tests/test_comprehensive_e2e.py::TestZerodhaWebSocket::test_get_prices_multiple_symbols PASSED [  3%]
tests/test_comprehensive_e2e.py::TestZerodhaWebSocket::test_heartbeat_is_ignored PASSED [  3%]
tests/test_comprehensive_e2e.py::TestZerodhaWebSocket::test_heartbeat_pong_response PASSED [  4%]
tests/test_comprehensive_e2e.py::TestZerodhaWebSocket::test_normalize_token_integer PASSED [  4%]
tests/test_comprehensive_e2e.py::TestZerodhaWebSocket::test_normalize_token_string PASSED [  4%]
tests/test_comprehensive_e2e.py::TestZerodhaWebSocket::test_normalize_token_with_exchange_suffix PASSED [  4%]
tests/test_comprehensive_e2e.py::TestZerodhaWebSocket::test_ohlc_cache_multiple_updates PASSED [  5%]
tests/test_comprehensive_e2e.py::TestZerodhaWebSocket::test_on_close_callback PASSED [  5%]
tests/test_comprehensive_e2e.py::TestZerodhaWebSocket::test_on_close_with_abnormal_code PASSED [  5%]
tests/test_comprehensive_e2e.py::TestZerodhaWebSocket::test_on_error_callback PASSED [  5%]
tests/test_comprehensive_e2e.py::TestZerodhaWebSocket::test_price_cache_concurrent_updates PASSED [  6%]
tests/test_comprehensive_e2e.py::TestZerodhaWebSocket::test_price_cache_large_volume PASSED [  6%]
tests/test_comprehensive_e2e.py::TestZerodhaWebSocket::test_set_mode_sends_mode_packet PASSED [  6%]
tests/test_comprehensive_e2e.py::TestZerodhaWebSocket::test_subscribe_empty_list PASSED [  6%]
tests/test_comprehensive_e2e.py::TestZerodhaWebSocket::test_subscribe_normalizes_string_tokens PASSED [  7%]
tests/test_comprehensive_e2e.py::TestZerodhaWebSocket::test_subscribe_sends_correct_payload PASSED [  7%]
tests/test_comprehensive_e2e.py::TestZerodhaWebSocket::test_subscribe_single_token PASSED [  7%]
tests/test_comprehensive_e2e.py::TestZerodhaWebSocket::test_unsubscribe_empty_list PASSED [  7%]
tests/test_comprehensive_e2e.py::TestZerodhaWebSocket::test_unsubscribe_sends_correct_payload PASSED [  7%]
tests/test_comprehensive_e2e.py::TestComputeEnsembleScore::test_basic_call_returns_float PASSED [  8%]
tests/test_comprehensive_e2e.py::TestComputeEnsembleScore::test_equal_weights PASSED [  8%]
tests/test_comprehensive_e2e.py::TestComputeEnsembleScore::test_extreme_weights PASSED [  8%]
tests/test_comprehensive_e2e.py::TestComputeEnsembleScore::test_negative_scores PASSED [  8%]
tests/test_comprehensive_e2e.py::TestComputeEnsembleScore::test_none_scores PASSED [  9%]
tests/test_comprehensive_e2e.py::TestComputeEnsembleScore::test_scores_above_one PASSED [  9%]
tests/test_comprehensive_e2e.py::TestComputeEnsembleScore::test_three_scores PASSED [  9%]
tests/test_comprehensive_e2e.py::TestComputeEnsembleScore::test_v2_confidence_range PASSED [  9%]
tests/test_comprehensive_e2e.py::TestComputeEnsembleScore::test_v2_consensus_type PASSED [ 10%]
tests/test_comprehensive_e2e.py::TestComputeEnsembleScore::test_v2_contains_confidence PASSED [ 10%]
tests/test_comprehensive_e2e.py::TestComputeEnsembleScore::test_v2_contains_consensus PASSED [ 10%]
tests/test_comprehensive_e2e.py::TestComputeEnsembleScore::test_v2_contains_score PASSED [ 10%]
tests/test_comprehensive_e2e.py::TestComputeEnsembleScore::test_v2_contains_signal PASSED [ 11%]
tests/test_comprehensive_e2e.py::TestComputeEnsembleScore::test_v2_returns_dict PASSED [ 11%]
tests/test_comprehensive_e2e.py::TestComputeEnsembleScore::test_v2_score_numeric PASSED [ 11%]
tests/test_comprehensive_e2e.py::TestComputeEnsembleScore::test_v2_signal_values PASSED [ 11%]
tests/test_comprehensive_e2e.py::TestComputeEnsembleScore::test_v2_with_extreme_values PASSED [ 12%]
tests/test_comprehensive_e2e.py::TestComputeEnsembleScore::test_v2_with_none_inputs PASSED [ 12%]
tests/test_comprehensive_e2e.py::TestComputeEnsembleScore::test_zero_weights PASSED [ 12%]
tests/test_comprehensive_e2e.py::TestPriceCache::test_cache_concurrent_access PASSED [ 12%]
tests/test_comprehensive_e2e.py::TestPriceCache::test_cache_expiry PASSED [ 13%]
tests/test_comprehensive_e2e.py::TestPriceCache::test_cache_multiple_start_stop_cycles PASSED [ 13%]
tests/test_comprehensive_e2e.py::TestPriceCache::test_cache_multiple_symbols PASSED [ 13%]
tests/test_comprehensive_e2e.py::TestPriceCache::test_cache_negative_price PASSED [ 13%]
tests/test_comprehensive_e2e.py::TestPriceCache::test_cache_none_symbol PASSED [ 14%]
tests/test_comprehensive_e2e.py::TestPriceCache::test_cache_overwrite_existing PASSED [ 14%]
tests/test_comprehensive_e2e.py::TestPriceCache::test_cache_thread_daemon PASSED [ 14%]
tests/test_comprehensive_e2e.py::TestPriceCache::test_cache_update_after_start PASSED [ 14%]
tests/test_comprehensive_e2e.py::TestPriceCache::test_cache_zero_price PASSED [ 15%]
tests/test_comprehensive_e2e.py::TestPriceCache::test_get_price_before_start PASSED [ 15%]
tests/test_comprehensive_e2e.py::TestPriceCache::test_get_prices_before_start PASSED [ 15%]
tests/test_comprehensive_e2e.py::TestPriceCache::test_start_stop_lifecycle PASSED [ 15%]
tests/test_comprehensive_e2e.py::TestPriceCache::test_stop_without_start PASSED [ 15%]
tests/test_comprehensive_e2e.py::TestLoadConfig::test_load_config_broker PASSED [ 16%]
tests/test_comprehensive_e2e.py::TestLoadConfig::test_load_config_empty_yaml PASSED [ 16%]
tests/test_comprehensive_e2e.py::TestLoadConfig::test_load_config_fno_settings PASSED [ 16%]
tests/test_comprehensive_e2e.py::TestLoadConfig::test_load_config_intraday_settings PASSED [ 16%]
tests/test_comprehensive_e2e.py::TestLoadConfig::test_load_config_invalid_yaml PASSED [ 17%]
tests/test_comprehensive_e2e.py::TestLoadConfig::test_load_config_missing_file PASSED [ 17%]
tests/test_comprehensive_e2e.py::TestLoadConfig::test_load_config_mode PASSED [ 17%]
tests/test_comprehensive_e2e.py::TestLoadConfig::test_load_config_returns_dict PASSED [ 17%]
tests/test_comprehensive_e2e.py::TestLoadConfig::test_load_config_telegram_settings PASSED [ 18%]
tests/test_comprehensive_e2e.py::TestLoadConfig::test_load_valid_yaml PASSED [ 18%]
tests/test_comprehensive_e2e.py::TestQuantTradingSystemInit::test_init_config_stored PASSED [ 18%]
tests/test_comprehensive_e2e.py::TestQuantTradingSystemInit::test_init_current_regime_default PASSED [ 18%]
tests/test_comprehensive_e2e.py::TestQuantTradingSystemInit::test_init_live_mode PASSED [ 19%]
tests/test_comprehensive_e2e.py::TestQuantTradingSystemInit::test_init_news_filter_created PASSED [ 19%]
tests/test_comprehensive_e2e.py::TestQuantTradingSystemInit::test_init_paper_mode PASSED [ 19%]
tests/test_comprehensive_e2e.py::TestQuantTradingSystemInit::test_init_price_cache_created PASSED [ 19%]
tests/test_comprehensive_e2e.py::TestQuantTradingSystemInit::test_init_price_cache_disabled PASSED [ 20%]
tests/test_comprehensive_e2e.py::TestQuantTradingSystemInit::test_init_simulation_created_paper PASSED [ 20%]
tests/test_comprehensive_e2e.py::TestQuantTradingSystemInit::test_init_simulation_none_live PASSED [ 20%]
tests/test_comprehensive_e2e.py::TestQuantTradingSystemInit::test_init_strategy_tracker_created PASSED [ 20%]
tests/test_comprehensive_e2e.py::TestQuantTradingSystemInit::test_init_with_empty_config PASSED [ 21%]
tests/test_comprehensive_e2e.py::TestQuantTradingSystemInit::test_init_with_none_config PASSED [ 21%]
tests/test_comprehensive_e2e.py::TestQuantTradingSystemRun::test_run_cleans_up_on_exit PASSED [ 21%]
tests/test_comprehensive_e2e.py::TestQuantTradingSystemRun::test_run_handles_generic_exception PASSED [ 21%]
tests/test_comprehensive_e2e.py::TestQuantTradingSystemRun::test_run_handles_keyboard_interrupt PASSED [ 22%]
tests/test_comprehensive_e2e.py::TestQuantTradingSystemRun::test_run_returns_cleanly PASSED [ 22%]
tests/test_comprehensive_e2e.py::TestQuantTradingSystemRun::test_run_sets_running_flag PASSED [ 22%]
tests/test_comprehensive_e2e.py::TestQuantTradingSystemRun::test_run_with_market_close PASSED [ 22%]
tests/test_comprehensive_e2e.py::TestZerodhaOAuth::test_check_zerodha_daily_token_refresh PASSED [ 23%]
tests/test_comprehensive_e2e.py::TestZerodhaOAuth::test_run_zerodha_oauth_failure PASSED [ 23%]
tests/test_comprehensive_e2e.py::TestZerodhaOAuth::test_run_zerodha_oauth_success PASSED [ 23%]
tests/test_comprehensive_e2e.py::TestZerodhaOAuth::test_validate_zerodha_connection_failure PASSED [ 23%]
tests/test_comprehensive_e2e.py::TestZerodhaOAuth::test_validate_zerodha_connection_success FAILED [ 23%]
tests/test_comprehensive_e2e.py::TestZerodhaOAuth::test_zerodha_token_persistence PASSED [ 24%]
tests/test_comprehensive_e2e.py::TestOptionsUtilities::test_extract_option_premium_from_chain FAILED [ 24%]
tests/test_comprehensive_e2e.py::TestOptionsUtilities::test_extract_option_premium_not_found PASSED [ 24%]
tests/test_comprehensive_e2e.py::TestOptionsUtilities::test_get_leg_option_premium_multi_leg FAILED [ 24%]
tests/test_comprehensive_e2e.py::TestOptionsUtilities::test_get_leg_option_premium_single FAILED [ 25%]
tests/test_comprehensive_e2e.py::TestOptionsUtilities::test_get_option_chain_with_fallback_failure PASSED [ 25%]
tests/test_comprehensive_e2e.py::TestOptionsUtilities::test_get_option_chain_with_fallback_success PASSED [ 25%]
tests/test_comprehensive_e2e.py::TestOptionsUtilities::test_normalize_option_price_negative PASSED [ 25%]
tests/test_comprehensive_e2e.py::TestOptionsUtilities::test_normalize_option_price_none PASSED [ 26%]
tests/test_comprehensive_e2e.py::TestOptionsUtilities::test_normalize_option_price_valid PASSED [ 26%]
tests/test_comprehensive_e2e.py::TestOptionsUtilities::test_normalize_option_price_zero PASSED [ 26%]
tests/test_comprehensive_e2e.py::TestOptionsUtilities::test_parse_option_symbol_invalid PASSED [ 26%]
tests/test_comprehensive_e2e.py::TestOptionsUtilities::test_parse_option_symbol_none PASSED [ 27%]
tests/test_comprehensive_e2e.py::TestOptionsUtilities::test_parse_option_symbol_pe PASSED [ 27%]
tests/test_comprehensive_e2e.py::TestOptionsUtilities::test_parse_option_symbol_standard FAILED [ 27%]
tests/test_comprehensive_e2e.py::TestAlertSystems::test_send_mcp_health_alert FAILED [ 27%]
tests/test_comprehensive_e2e.py::TestAlertSystems::test_send_screening_cycle_alert_failure PASSED [ 28%]
tests/test_comprehensive_e2e.py::TestAlertSystems::test_send_screening_cycle_alert_success PASSED [ 28%]
tests/test_comprehensive_e2e.py::TestAlertSystems::test_send_screening_suggestions_alert PASSED [ 28%]
tests/test_comprehensive_e2e.py::TestAlertSystems::test_send_screening_suggestions_empty PASSED [ 28%]
tests/test_comprehensive_e2e.py::TestAlertSystems::test_send_trade_alert_failure PASSED [ 29%]
tests/test_comprehensive_e2e.py::TestAlertSystems::test_send_trade_alert_no_telegram_config PASSED [ 29%]
tests/test_comprehensive_e2e.py::TestAlertSystems::test_send_trade_alert_success FAILED [ 29%]
tests/test_comprehensive_e2e.py::TestAlertSystems::test_send_trade_execution_alert_failure PASSED [ 29%]
tests/test_comprehensive_e2e.py::TestAlertSystems::test_send_trade_execution_alert_success PASSED [ 30%]
tests/test_comprehensive_e2e.py::TestTimeUtilities::test_is_trading_holiday_saturday FAILED [ 30%]
tests/test_comprehensive_e2e.py::TestTimeUtilities::test_is_trading_holiday_sunday FAILED [ 30%]
tests/test_comprehensive_e2e.py::TestTimeUtilities::test_is_trading_holiday_weekday PASSED [ 30%]
tests/test_comprehensive_e2e.py::TestTimeUtilities::test_parse_time_invalid PASSED [ 30%]
tests/test_comprehensive_e2e.py::TestTimeUtilities::test_parse_time_none PASSED [ 31%]
tests/test_comprehensive_e2e.py::TestTimeUtilities::test_parse_time_valid PASSED [ 31%]
tests/test_comprehensive_e2e.py::TestMarketRegimeDetection::test_detect_market_regime_returns_string PASSED [ 31%]
tests/test_comprehensive_e2e.py::TestMarketRegimeDetection::test_detect_market_regime_valid_values PASSED [ 31%]
tests/test_comprehensive_e2e.py::TestMarketRegimeDetection::test_detect_market_regime_with_intelligence_fallback PASSED [ 32%]
tests/test_comprehensive_e2e.py::TestMarketRegimeDetection::test_detect_market_regime_with_mcp_fallback PASSED [ 32%]
tests/test_comprehensive_e2e.py::TestPositionManagement::test_apply_position_scaling_winning_streak PASSED [ 32%]
tests/test_comprehensive_e2e.py::TestPositionManagement::test_apply_trailing_stop_profit FAILED [ 32%]
tests/test_comprehensive_e2e.py::TestPositionManagement::test_exit_position_success FAILED [ 33%]
tests/test_comprehensive_e2e.py::TestPositionManagement::test_exit_position_with_options FAILED [ 33%]
tests/test_comprehensive_e2e.py::TestPositionManagement::test_manage_positions_no_positions PASSED [ 33%]
tests/test_comprehensive_e2e.py::TestPositionManagement::test_manage_positions_with_positions PASSED [ 33%]
tests/test_comprehensive_e2e.py::TestPositionManagement::test_partial_exit_success FAILED [ 34%]
tests/test_comprehensive_e2e.py::TestPositionManagement::test_update_dynamic_stops FAILED [ 34%]
tests/test_comprehensive_e2e.py::TestTradeOutcomeRecording::test_record_trade_outcome_breakeven PASSED [ 34%]
tests/test_comprehensive_e2e.py::TestTradeOutcomeRecording::test_record_trade_outcome_loss PASSED [ 34%]
tests/test_comprehensive_e2e.py::TestTradeOutcomeRecording::test_record_trade_outcome_win PASSED [ 35%]
tests/test_comprehensive_e2e.py::TestTradeOutcomeRecording::test_strategy_tracker_performance_stats PASSED [ 35%]
tests/test_comprehensive_e2e.py::TestBrokerSetup::test_setup_broker_fallback PASSED [ 35%]
tests/test_comprehensive_e2e.py::TestBrokerSetup::test_setup_broker_openalgo FAILED [ 35%]
tests/test_comprehensive_e2e.py::TestBrokerSetup::test_setup_broker_zerodha PASSED [ 36%]
tests/test_comprehensive_e2e.py::TestShutdownCleanup::test_shutdown_closes_price_cache FAILED [ 36%]
tests/test_comprehensive_e2e.py::TestShutdownCleanup::test_shutdown_closes_websocket FAILED [ 36%]
tests/test_comprehensive_e2e.py::TestShutdownCleanup::test_shutdown_without_cache PASSED [ 36%]
tests/test_comprehensive_e2e.py::TestShutdownCleanup::test_shutdown_without_websocket PASSED [ 37%]
tests/test_comprehensive_e2e.py::TestEdgeCasesAndErrorHandling::test_concurrent_trade_recording PASSED [ 37%]
tests/test_comprehensive_e2e.py::TestEdgeCasesAndErrorHandling::test_empty_watchlist PASSED [ 37%]
tests/test_comprehensive_e2e.py::TestEdgeCasesAndErrorHandling::test_extreme_prices PASSED [ 37%]
tests/test_comprehensive_e2e.py::TestEdgeCasesAndErrorHandling::test_large_quantity PASSED [ 38%]
tests/test_comprehensive_e2e.py::TestEdgeCasesAndErrorHandling::test_missing_broker_config PASSED [ 38%]
tests/test_comprehensive_e2e.py::TestEdgeCasesAndErrorHandling::test_multiple_websocket_reconnections FAILED [ 38%]
tests/test_comprehensive_e2e.py::TestEdgeCasesAndErrorHandling::test_none_symbol_in_operations PASSED [ 38%]
tests/test_comprehensive_e2e.py::TestEdgeCasesAndErrorHandling::test_special_characters_in_symbol PASSED [ 38%]
tests/test_comprehensive_e2e.py::TestEdgeCasesAndErrorHandling::test_very_long_symbol_name PASSED [ 39%]
tests/test_comprehensive_e2e.py::TestEdgeCasesAndErrorHandling::test_zero_quantity PASSED [ 39%]
tests/test_comprehensive_e2e.py::TestIntegrationFlows::test_data_to_screener_flow PASSED [ 39%]
tests/test_comprehensive_e2e.py::TestIntegrationFlows::test_end_to_end_paper_trading_cycle FAILED [ 39%]
tests/test_comprehensive_e2e.py::TestIntegrationFlows::test_execution_to_analytics_flow PASSED [ 40%]
tests/test_comprehensive_e2e.py::TestIntegrationFlows::test_full_pipeline_with_mocked_data FAILED [ 40%]
tests/test_comprehensive_e2e.py::TestIntegrationFlows::test_screener_to_strategy_flow PASSED [ 40%]
tests/test_comprehensive_e2e.py::TestIntegrationFlows::test_strategy_to_execution_flow PASSED [ 40%]
tests/test_comprehensive_e2e.py::TestShortStraddleStrategy::test_execute_multi_leg_strategy FAILED [ 41%]
tests/test_comprehensive_e2e.py::TestShortStraddleStrategy::test_process_short_straddle_at_right_time FAILED [ 41%]
tests/test_comprehensive_e2e.py::TestShortStraddleStrategy::test_process_short_straddle_wrong_time PASSED [ 41%]
tests/test_comprehensive_e2e.py::TestMCPHealthChecks::test_check_mcp_health_all_healthy PASSED [ 41%]
tests/test_comprehensive_e2e.py::TestMCPHealthChecks::test_check_mcp_health_degraded FAILED [ 42%]
tests/test_comprehensive_e2e.py::TestMCPHealthChecks::test_check_mcp_health_failure PASSED [ 42%]
tests/test_comprehensive_e2e.py::TestMCPHealthChecks::test_check_mcp_health_no_client PASSED [ 42%]
tests/test_comprehensive_e2e.py::TestLoggingAndMonitoring::test_log_trade_summary_no_simulation PASSED [ 42%]
tests/test_comprehensive_e2e.py::TestLoggingAndMonitoring::test_log_trade_summary_with_trades PASSED [ 43%]
tests/test_comprehensive_e2e.py::TestLoggingAndMonitoring::test_logger_initialization PASSED [ 43%]
tests/test_comprehensive_e2e.py::TestLoggingAndMonitoring::test_logger_with_file_handler PASSED [ 43%]
tests/test_comprehensive_e2e.py::TestAfterMarketTrading::test_confirm_after_market_trading_accepted PASSED [ 43%]
tests/test_comprehensive_e2e.py::TestAfterMarketTrading::test_confirm_after_market_trading_declined FAILED [ 44%]
tests/test_comprehensive_e2e.py::TestAfterMarketTrading::test_confirm_after_market_trading_exception PASSED [ 44%]
tests/test_comprehensive_e2e.py::TestSectorAnalysis::test_get_sector_for_symbol PASSED [ 44%]
tests/test_comprehensive_e2e.py::TestSectorAnalysis::test_get_sector_for_unknown_symbol PASSED [ 44%]
tests/test_comprehensive_e2e.py::TestSectorAnalysis::test_sector_strength_top_sectors PASSED [ 45%]
tests/test_comprehensive_e2e.py::TestDynamicSymbolFilter::test_dynamic_symbol_filter_exists PASSED [ 45%]
tests/test_comprehensive_e2e.py::TestDynamicSymbolFilter::test_get_filtered_symbols PASSED [ 45%]
tests/test_comprehensive_e2e.py::TestDynamicSymbolFilter::test_get_fno_symbols PASSED [ 45%]
tests/test_comprehensive_e2e.py::TestDynamicSymbolFilter::test_get_intraday_symbols PASSED [ 46%]
tests/test_comprehensive_e2e.py::TestFOPrefilter::test_fno_prefilter_exists PASSED [ 46%]
tests/test_comprehensive_e2e.py::TestFOPrefilter::test_get_fno_stocks PASSED [ 46%]
tests/test_comprehensive_e2e.py::TestQuoteMetricsExtraction::test_extract_quote_metrics_dict FAILED [ 46%]
tests/test_comprehensive_e2e.py::TestQuoteMetricsExtraction::test_extract_quote_metrics_none FAILED [ 46%]
tests/test_comprehensive_e2e.py::TestQuoteMetricsExtraction::test_extract_quote_metrics_object FAILED [ 47%]
tests/test_comprehensive_e2e.py::TestQuoteMetricsExtraction::test_extract_quote_metrics_zero_values FAILED [ 47%]
tests/test_comprehensive_e2e.py::TestWatchlistProcessing::test_watchlist_cycle_count_increment PASSED [ 47%]
tests/test_comprehensive_e2e.py::TestWatchlistProcessing::test_watchlist_disabled_processing PASSED [ 47%]
tests/test_comprehensive_e2e.py::TestWatchlistProcessing::test_watchlist_enabled_processing PASSED [ 48%]
tests/test_comprehensive_e2e.py::TestBlackoutWindows::test_market_close_no_new_trades FAILED [ 48%]
tests/test_comprehensive_e2e.py::TestBlackoutWindows::test_market_open_blackout_skip PASSED [ 48%]
tests/test_comprehensive_e2e.py::TestProfitLadderSystem::test_profit_ladder_t1_trigger FAILED [ 48%]
tests/test_comprehensive_e2e.py::TestProfitLadderSystem::test_profit_ladder_t2_trigger FAILED [ 49%]
tests/test_comprehensive_e2e.py::TestProfitLadderSystem::test_profit_ladder_t3_trigger FAILED [ 49%]
tests/test_comprehensive_e2e.py::TestMarketMicrostructure::test_analyze_market_microstructure PASSED [ 49%]
tests/test_comprehensive_e2e.py::TestMarketMicrostructure::test_analyze_market_microstructure_empty_orderbook PASSED [ 49%]
tests/test_comprehensive_e2e.py::TestMarketMicrostructure::test_analyze_market_microstructure_none PASSED [ 50%]
tests/test_comprehensive_e2e.py::TestNewsFilterAndEventBlackout::test_news_filter_event_blackout PASSED [ 50%]
tests/test_comprehensive_e2e.py::TestNewsFilterAndEventBlackout::test_news_filter_trading_allowed PASSED [ 50%]
tests/test_comprehensive_e2e.py::TestPeriodicTradeSummary::test_display_periodic_trade_summary PASSED [ 50%]
tests/test_comprehensive_e2e.py::TestPeriodicTradeSummary::test_display_periodic_trade_summary_with_trades PASSED [ 51%]
tests/test_comprehensive_e2e.py::TestSignalValidator::test_signal_validator_exists PASSED [ 51%]
tests/test_comprehensive_e2e.py::TestSignalValidator::test_validate_signal_buy PASSED [ 51%]
tests/test_comprehensive_e2e.py::TestRiskCalculator::test_calculate_position_size PASSED [ 51%]
tests/test_comprehensive_e2e.py::TestRiskCalculator::test_risk_calculator_exists PASSED [ 52%]
tests/test_comprehensive_e2e.py::TestDataProvider::test_data_provider_exists PASSED [ 52%]
tests/test_comprehensive_e2e.py::TestDataProvider::test_get_candles PASSED [ 52%]
tests/test_comprehensive_e2e.py::TestDataProvider::test_get_multiple_quotes PASSED [ 52%]
tests/test_comprehensive_e2e.py::TestDataProvider::test_get_quote_failure PASSED [ 53%]
tests/test_comprehensive_e2e.py::TestDataProvider::test_get_quote_success PASSED [ 53%]
tests/test_comprehensive_e2e.py::TestIntelligenceLayer::test_get_live_market_direction PASSED [ 53%]
tests/test_comprehensive_e2e.py::TestIntelligenceLayer::test_get_market_summary PASSED [ 53%]
tests/test_comprehensive_e2e.py::TestIntelligenceLayer::test_intelligence_exists PASSED [ 53%]
tests/test_comprehensive_e2e.py::TestAsyncPipelines::test_process_fno_pipeline_async PASSED [ 54%]
tests/test_comprehensive_e2e.py::TestAsyncPipelines::test_process_intraday_pipeline_async PASSED [ 54%]
tests/test_comprehensive_e2e.py::TestScreener::test_screen_fno PASSED    [ 54%]
tests/test_comprehensive_e2e.py::TestScreener::test_screen_intraday PASSED [ 54%]
tests/test_comprehensive_e2e.py::TestScreener::test_screen_momentum_fallback PASSED [ 55%]
tests/test_comprehensive_e2e.py::TestScreener::test_screener_exists PASSED [ 55%]
tests/test_comprehensive_e2e.py::TestIndicators::test_indicators_compute PASSED [ 55%]
tests/test_comprehensive_e2e.py::TestIndicators::test_indicators_exist PASSED [ 55%]
tests/test_comprehensive_e2e.py::TestThreadSafety::test_concurrent_config_access PASSED [ 56%]
tests/test_comprehensive_e2e.py::TestThreadSafety::test_concurrent_json_operations PASSED [ 56%]
tests/test_comprehensive_e2e.py::TestThreadSafety::test_concurrent_logging PASSED [ 56%]
tests/test_comprehensive_e2e.py::TestMemoryAndResources::test_large_batch_processing PASSED [ 56%]
tests/test_comprehensive_e2e.py::TestMemoryAndResources::test_price_cache_memory_bounds PASSED [ 57%]
tests/test_comprehensive_e2e.py::TestMemoryAndResources::test_thread_cleanup PASSED [ 57%]
tests/test_comprehensive_e2e.py::TestRegressionAndKnownIssues::test_api_error_handling PASSED [ 57%]
tests/test_comprehensive_e2e.py::TestRegressionAndKnownIssues::test_concurrent_websocket_subscriptions FAILED [ 57%]
tests/test_comprehensive_e2e.py::TestRegressionAndKnownIssues::test_interval_normalization PASSED [ 58%]
tests/test_comprehensive_e2e.py::TestRegressionAndKnownIssues::test_malformed_binary_packet FAILED [ 58%]
tests/test_comprehensive_e2e.py::TestRegressionAndKnownIssues::test_symbol_formatting PASSED [ 58%]
tests/test_comprehensive_e2e.py::TestRegressionAndKnownIssues::test_unicode_in_symbols PASSED [ 58%]
tests/test_dynamic_screening.py::test_fetch_from_fno_symbols_uses_broker PASSED [ 59%]
tests/test_dynamic_screening.py::test_websocket_cache_worker_populates_websocket_data PASSED [ 59%]
tests/test_dynamic_screening.py::test_cache_worker_handles_invalid_queue_items PASSED [ 59%]
tests/test_dynamic_screening.py::test_get_filtered_symbols_returns_empty_when_no_data PASSED [ 59%]
tests/test_e2e_comprehensive.py::TestConfigLoading::test_load_valid_config PASSED [ 60%]
tests/test_e2e_comprehensive.py::TestConfigLoading::test_load_config_missing_file_raises PASSED [ 60%]
tests/test_e2e_comprehensive.py::TestConfigLoading::test_load_config_invalid_yaml_raises PASSED [ 60%]
tests/test_e2e_comprehensive.py::TestConfigLoading::test_load_config_returns_dict PASSED [ 60%]
tests/test_e2e_comprehensive.py::TestConfigLoading::test_load_config_defaults_applied PASSED [ 61%]
tests/test_e2e_comprehensive.py::TestConfigLoading::test_load_config_nested_structure PASSED [ 61%]
tests/test_e2e_comprehensive.py::TestPriceCache::test_cache_update_and_get PASSED [ 61%]
tests/test_e2e_comprehensive.py::TestPriceCache::test_cache_miss_returns_none PASSED [ 61%]
tests/test_e2e_comprehensive.py::TestPriceCache::test_cache_expiry PASSED [ 61%]
tests/test_e2e_comprehensive.py::TestPriceCache::test_cache_update_overwrites PASSED [ 62%]
tests/test_e2e_comprehensive.py::TestPriceCache::test_cache_concurrent_access PASSED [ 62%]
tests/test_e2e_comprehensive.py::TestPriceCache::test_cache_start_stop_idempotent PASSED [ 62%]
tests/test_e2e_comprehensive.py::TestPriceCache::test_cache_multiple_tokens PASSED [ 62%]
tests/test_e2e_comprehensive.py::TestZerodhaWebSocket::test_websocket_initialisation SKIPPED [ 63%]
tests/test_e2e_comprehensive.py::TestZerodhaWebSocket::test_websocket_subscribe_calls_ticker SKIPPED [ 63%]
tests/test_e2e_comprehensive.py::TestZerodhaWebSocket::test_websocket_on_ticks_updates_cache SKIPPED [ 63%]
tests/test_e2e_comprehensive.py::TestZerodhaWebSocket::test_websocket_on_ticks_empty_list SKIPPED [ 63%]
tests/test_e2e_comprehensive.py::TestZerodhaWebSocket::test_websocket_on_connect_subscribes SKIPPED [ 64%]
tests/test_e2e_comprehensive.py::TestZerodhaWebSocket::test_websocket_on_close_logs SKIPPED [ 64%]
tests/test_e2e_comprehensive.py::TestZerodhaWebSocket::test_websocket_on_error_sets_flag SKIPPED [ 64%]
tests/test_e2e_comprehensive.py::TestZerodhaWebSocket::test_websocket_reconnect_logic SKIPPED [ 64%]
tests/test_e2e_comprehensive.py::TestZerodhaWebSocket::test_websocket_disconnect_stops_ticker SKIPPED [ 65%]
tests/test_e2e_comprehensive.py::TestZerodhaWebSocket::test_websocket_heartbeat_thread SKIPPED [ 65%]
tests/test_e2e_comprehensive.py::TestZerodhaWebSocket::test_websocket_binary_tick_parsing SKIPPED [ 65%]
tests/test_e2e_comprehensive.py::TestZerodhaWebSocket::test_websocket_handles_malformed_binary SKIPPED [ 65%]
tests/test_e2e_comprehensive.py::TestZerodhaWebSocket::test_websocket_queue_delivery SKIPPED [ 66%]
tests/test_e2e_comprehensive.py::TestEnsembleFunctions::test_compute_ensemble_score_bullish SKIPPED [ 66%]
tests/test_e2e_comprehensive.py::TestEnsembleFunctions::test_compute_ensemble_score_bearish SKIPPED [ 66%]
tests/test_e2e_comprehensive.py::TestEnsembleFunctions::test_compute_ensemble_score_neutral SKIPPED [ 66%]
tests/test_e2e_comprehensive.py::TestEnsembleFunctions::test_compute_ensemble_score_empty_signals SKIPPED [ 67%]
tests/test_e2e_comprehensive.py::TestEnsembleFunctions::test_compute_ensemble_v2_improved SKIPPED [ 67%]
tests/test_e2e_comprehensive.py::TestEnsembleFunctions::test_compute_ensemble_v2_extreme_values SKIPPED [ 67%]
tests/test_e2e_comprehensive.py::TestQuantTradingSystem::test_system_instantiation ERROR [ 67%]
tests/test_e2e_comprehensive.py::TestQuantTradingSystem::test_system_has_required_attributes ERROR [ 68%]
tests/test_e2e_comprehensive.py::TestQuantTradingSystem::test_system_start_and_stop ERROR [ 68%]
tests/test_e2e_comprehensive.py::TestQuantTradingSystem::test_system_double_start ERROR [ 68%]
tests/test_e2e_comprehensive.py::TestQuantTradingSystem::test_system_stop_when_not_running ERROR [ 68%]
tests/test_e2e_comprehensive.py::TestQuantTradingSystem::test_system_run_loop_single_iteration ERROR [ 69%]
tests/test_e2e_comprehensive.py::TestQuantTradingSystem::test_system_handles_keyboard_interrupt ERROR [ 69%]
tests/test_e2e_comprehensive.py::TestQuantTradingSystem::test_system_handles_generic_exception ERROR [ 69%]
tests/test_e2e_comprehensive.py::TestQuantTradingSystem::test_system_config_loaded ERROR [ 69%]
tests/test_e2e_comprehensive.py::TestQuantTradingSystem::test_system_shutdown_cleans_up ERROR [ 69%]
tests/test_e2e_comprehensive.py::TestZerodhaAuth::test_auth_initialisation SKIPPED [ 70%]
tests/test_e2e_comprehensive.py::TestZerodhaAuth::test_auth_token_validation_valid SKIPPED [ 70%]
tests/test_e2e_comprehensive.py::TestZerodhaAuth::test_auth_token_validation_expired SKIPPED [ 70%]
tests/test_e2e_comprehensive.py::TestZerodhaAuth::test_auth_refresh_flow SKIPPED [ 70%]
tests/test_e2e_comprehensive.py::TestZerodhaAuth::test_auth_load_token_from_file SKIPPED [ 71%]
tests/test_e2e_comprehensive.py::TestZerodhaAuth::test_auth_missing_token_file_raises SKIPPED [ 71%]
tests/test_e2e_comprehensive.py::TestOptionsFlow::test_options_parse_nifty_symbol SKIPPED [ 71%]
tests/test_e2e_comprehensive.py::TestOptionsFlow::test_options_parse_banknifty_symbol SKIPPED [ 71%]
tests/test_e2e_comprehensive.py::TestOptionsFlow::test_options_invalid_symbol_raises SKIPPED [ 72%]
tests/test_e2e_comprehensive.py::TestOptionsFlow::test_options_premium_extraction SKIPPED [ 72%]
tests/test_e2e_comprehensive.py::TestOptionsFlow::test_options_multi_leg_strategy SKIPPED [ 72%]
tests/test_e2e_comprehensive.py::TestOptionsFlow::test_options_straddle_pricing SKIPPED [ 72%]
tests/test_e2e_comprehensive.py::TestOptionsFlow::test_options_iv_rank_calculation SKIPPED [ 73%]
tests/test_e2e_comprehensive.py::TestAlertManager::test_alert_manager_initialisation SKIPPED [ 73%]
tests/test_e2e_comprehensive.py::TestAlertManager::test_alert_send_success SKIPPED [ 73%]
tests/test_e2e_comprehensive.py::TestAlertManager::test_alert_send_failure_retries SKIPPED [ 73%]
tests/test_e2e_comprehensive.py::TestAlertManager::test_alert_send_network_error SKIPPED [ 74%]
tests/test_e2e_comprehensive.py::TestAlertManager::test_alert_formatting SKIPPED [ 74%]
tests/test_e2e_comprehensive.py::TestAlertManager::test_alert_rate_limiting SKIPPED [ 74%]
tests/test_e2e_comprehensive.py::TestAlertManager::test_alert_empty_message_raises SKIPPED [ 74%]
tests/test_e2e_comprehensive.py::TestEndToEndScenarios::test_e2e_system_lifecycle ERROR [ 75%]
tests/test_e2e_comprehensive.py::TestEndToEndScenarios::test_e2e_tick_processing ERROR [ 75%]
tests/test_e2e_comprehensive.py::TestEndToEndScenarios::test_e2e_signal_generation ERROR [ 75%]
tests/test_e2e_comprehensive.py::TestEndToEndScenarios::test_e2e_risk_check ERROR [ 75%]
tests/test_e2e_comprehensive.py::TestEndToEndScenarios::test_e2e_order_execution_paper ERROR [ 76%]
tests/test_e2e_comprehensive.py::TestEndToEndScenarios::test_e2e_alert_on_signal ERROR [ 76%]
tests/test_e2e_comprehensive.py::TestEndToEndScenarios::test_e2e_drawdown_breach ERROR [ 76%]
tests/test_e2e_comprehensive.py::TestEndToEndScenarios::test_e2e_multiple_symbols ERROR [ 76%]
tests/test_e2e_comprehensive.py::TestEndToEndScenarios::test_e2e_websocket_reconnect_scenario ERROR [ 76%]
tests/test_e2e_comprehensive.py::TestEndToEndScenarios::test_e2e_full_day_simulation ERROR [ 77%]
tests/test_e2e_comprehensive.py::TestEdgeCases::test_negative_price_handling SKIPPED [ 77%]
tests/test_e2e_comprehensive.py::TestEdgeCases::test_zero_volume_handling PASSED [ 77%]
tests/test_e2e_comprehensive.py::TestEdgeCases::test_extremely_high_price PASSED [ 77%]
tests/test_e2e_comprehensive.py::TestEdgeCases::test_unicode_in_telegram_message SKIPPED [ 78%]
tests/test_e2e_comprehensive.py::TestEdgeCases::test_config_special_characters PASSED [ 78%]
tests/test_e2e_comprehensive.py::TestEdgeCases::test_large_tick_batch PASSED [ 78%]
tests/test_e2e_comprehensive.py::TestEdgeCases::test_concurrent_signal_generation SKIPPED [ 78%]
tests/test_e2e_comprehensive.py::TestEdgeCases::test_null_none_inputs_handled SKIPPED [ 79%]
tests/test_e2e_comprehensive.py::TestEdgeCases::test_websocket_extreme_token_values PASSED [ 79%]
tests/test_e2e_main.py::TestWebSocketClient::test_client_initialises_with_credentials SKIPPED [ 79%]
tests/test_e2e_main.py::TestWebSocketClient::test_concurrent_subscribe_unsubscribe SKIPPED [ 79%]
tests/test_e2e_main.py::TestWebSocketClient::test_connect_raises_on_connection_failure SKIPPED [ 80%]
tests/test_e2e_main.py::TestWebSocketClient::test_disconnect_closes_socket SKIPPED [ 80%]
tests/test_e2e_main.py::TestWebSocketClient::test_get_price_returns_none_for_unknown_symbol SKIPPED [ 80%]
tests/test_e2e_main.py::TestWebSocketClient::test_heartbeat_sends_ping SKIPPED [ 80%]
tests/test_e2e_main.py::TestWebSocketClient::test_heartbeat_thread_starts SKIPPED [ 81%]
tests/test_e2e_main.py::TestWebSocketClient::test_parse_binary_tick_invalid_packet_raises SKIPPED [ 81%]
tests/test_e2e_main.py::TestWebSocketClient::test_parse_binary_tick_returns_dict SKIPPED [ 81%]
tests/test_e2e_main.py::TestWebSocketClient::test_price_cache_updates_on_tick SKIPPED [ 81%]
tests/test_e2e_main.py::TestWebSocketClient::test_reconnect_after_disconnect SKIPPED [ 82%]
tests/test_e2e_main.py::TestWebSocketClient::test_subscribe_sends_mode_and_tokens SKIPPED [ 82%]
tests/test_e2e_main.py::TestWebSocketClient::test_unsubscribe_sends_unsub_message SKIPPED [ 82%]
tests/test_e2e_main.py::TestWebSocketClient::test_ws_url_contains_credentials SKIPPED [ 82%]
tests/test_e2e_main.py::TestPureFunctions::test_bullish_signals_boost_score FAILED [ 83%]
tests/test_e2e_main.py::TestPureFunctions::test_extreme_rsi_bounds FAILED [ 83%]
tests/test_e2e_main.py::TestPureFunctions::test_returns_float_in_range FAILED [ 83%]
tests/test_e2e_main.py::TestPureFunctions::test_v2_consistent_with_v1_trend FAILED [ 83%]
tests/test_e2e_main.py::TestPureFunctions::test_v2_returns_float FAILED  [ 84%]
tests/test_e2e_main.py::TestPureFunctions::test_volume_boost FAILED      [ 84%]
tests/test_e2e_main.py::TestQuantTradingSystem::test_run_handles_initialisation_error FAILED [ 84%]
tests/test_e2e_main.py::TestQuantTradingSystem::test_run_starts_websocket FAILED [ 84%]
tests/test_e2e_main.py::TestQuantTradingSystem::test_shutdown_sets_running_false FAILED [ 84%]
tests/test_e2e_main.py::TestQuantTradingSystem::test_symbol_list_populated FAILED [ 85%]
tests/test_e2e_main.py::TestQuantTradingSystem::test_system_initialises PASSED [ 85%]
tests/test_e2e_main.py::TestQuantTradingSystem::test_system_stores_config PASSED [ 85%]
tests/test_e2e_main.py::TestPriceCache::test_cache_clear PASSED          [ 85%]
tests/test_e2e_main.py::TestPriceCache::test_cache_initialises_empty PASSED [ 86%]
tests/test_e2e_main.py::TestPriceCache::test_cache_multiple_symbols PASSED [ 86%]
tests/test_e2e_main.py::TestPriceCache::test_cache_thread_safety PASSED  [ 86%]
tests/test_e2e_main.py::TestPriceCache::test_cache_ttl_expiry PASSED     [ 86%]
tests/test_e2e_main.py::TestPriceCache::test_cache_update_overwrites PASSED [ 87%]
tests/test_e2e_main.py::TestPriceCache::test_get_missing_returns_none PASSED [ 87%]
tests/test_e2e_main.py::TestPriceCache::test_set_and_get PASSED          [ 87%]
tests/test_e2e_main.py::TestConfiguration::test_config_validation_missing_api_key FAILED [ 87%]
tests/test_e2e_main.py::TestConfiguration::test_defaults_applied FAILED  [ 88%]
tests/test_e2e_main.py::TestConfiguration::test_load_invalid_yaml_raises FAILED [ 88%]
tests/test_e2e_main.py::TestConfiguration::test_load_missing_file_raises FAILED [ 88%]
tests/test_e2e_main.py::TestConfiguration::test_load_valid_config PASSED [ 88%]
tests/test_e2e_main.py::TestZerodhaOAuth::test_load_token_from_file SKIPPED_token' from 'main' (/home/rajasekhar/vibe-
coding/raj_trading_bot/main.py))                                    [ 89%]
tests/test_e2e_main.py::TestZerodhaOAuth::test_load_token_invalid_json_raises SKIPPED_token' from 'main' (/home/rajasekhar/vibe-
coding/raj_trading_bot/main.py))                                    [ 89%]
tests/test_e2e_main.py::TestZerodhaOAuth::test_load_token_missing_file_raises SKIPPED_token' from 'main' (/home/rajasekhar/vibe-
coding/raj_trading_bot/main.py))                                    [ 89%]
tests/test_e2e_main.py::TestZerodhaOAuth::test_validate_expired_token SKIPPED_token' from 'main' (/home/rajasekhar/vibe-
coding/raj_trading_bot/main.py))                                    [ 89%]
tests/test_e2e_main.py::TestZerodhaOAuth::test_validate_missing_token_raises SKIPPED_token' from 'main' (/home/rajasekhar/vibe-
coding/raj_trading_bot/main.py))                                    [ 90%]
tests/test_e2e_main.py::TestZerodhaOAuth::test_validate_valid_token SKIPPED_token' from 'main' (/home/rajasekhar/vibe-
coding/raj_trading_bot/main.py))                                    [ 90%]
tests/test_e2e_main.py::TestOptionsHelpers::test_extract_premium_from_tick SKIPPEDl' from 'main' (/home/rajasekhar/vibe-
coding/raj_trading_bot/main.py))                                    [ 90%]
tests/test_e2e_main.py::TestOptionsHelpers::test_extract_premium_missing_price_raises SKIPPEDl' from 'main' (/home/rajasekhar/vibe-
coding/raj_trading_bot/main.py))                                    [ 90%]
tests/test_e2e_main.py::TestOptionsHelpers::test_extract_premium_zero_price SKIPPEDl' from 'main' (/home/rajasekhar/vibe-
coding/raj_trading_bot/main.py))                                    [ 91%]
tests/test_e2e_main.py::TestOptionsHelpers::test_parse_banknifty SKIPPEDl' from 'main' (/home/rajasekhar/vibe-
coding/raj_trading_bot/main.py))                                    [ 91%]
tests/test_e2e_main.py::TestOptionsHelpers::test_parse_invalid_symbol_raises SKIPPEDl' from 'main' (/home/rajasekhar/vibe-
coding/raj_trading_bot/main.py))                                    [ 91%]
tests/test_e2e_main.py::TestOptionsHelpers::test_parse_nifty_ce SKIPPEDl' from 'main' (/home/rajasekhar/vibe-
coding/raj_trading_bot/main.py))                                    [ 91%]
tests/test_e2e_main.py::TestOptionsHelpers::test_parse_nifty_pe SKIPPEDl' from 'main' (/home/rajasekhar/vibe-
coding/raj_trading_bot/main.py))                                    [ 92%]
tests/test_e2e_main.py::TestOptionsHelpers::test_parse_with_exchange_prefix SKIPPEDl' from 'main' (/home/rajasekhar/vibe-
coding/raj_trading_bot/main.py))                                    [ 92%]
tests/test_e2e_main.py::TestAlerts::test_send_alert_empty_message_raises SKIPPED from 'main' (/home/rajasekhar/vibe-
coding/raj_trading_bot/main.py))                                    [ 92%]
tests/test_e2e_main.py::TestAlerts::test_send_alert_network_failure SKIPPED from 'main' (/home/rajasekhar/vibe-
coding/raj_trading_bot/main.py))                                    [ 92%]
tests/test_e2e_main.py::TestAlerts::test_send_alert_retries_on_failure SKIPPED from 'main' (/home/rajasekhar/vibe-
coding/raj_trading_bot/main.py))                                    [ 92%]
tests/test_e2e_main.py::TestAlerts::test_send_alert_success SKIPPEDert'
from 'main' (/home/rajasekhar/vibe-coding/raj_trading_bot/main.py)) [ 93%]
tests/test_e2e_main.py::TestIntegration::test_alert_on_score_threshold FAILED [ 93%]
tests/test_e2e_main.py::TestIntegration::test_full_lifecycle FAILED      [ 93%]
tests/test_e2e_main.py::TestIntegration::test_multi_symbol_tick_processing FAILED [ 93%]
tests/test_e2e_main.py::TestIntegration::test_shutdown_closes_all_resources FAILED [ 94%]
tests/test_e2e_main.py::TestIntegration::test_tick_persisted_to_db FAILED [ 94%]
tests/test_e2e_main.py::TestIntegration::test_websocket_disconnect_triggers_reconnect FAILED [ 94%]
tests/test_e2e_main.py::TestStressAndEdgeCases::test_cache_memory_bounds PASSED [ 94%]
tests/test_e2e_main.py::TestStressAndEdgeCases::test_concurrent_cache_access PASSED [ 95%]
tests/test_e2e_main.py::TestStressAndEdgeCases::test_empty_symbols_list FAILED [ 95%]
tests/test_e2e_main.py::TestStressAndEdgeCases::test_high_frequency_ticks FAILED [ 95%]
tests/test_e2e_main.py::TestStressAndEdgeCases::test_none_values_in_tick FAILED [ 95%]
tests/test_e2e_main.py::TestStressAndEdgeCases::test_unicode_symbol_names FAILED [ 96%]
tests/test_end_to_end.py::test_subscribe_sends_correct_payload FAILED    [ 96%]
tests/test_end_to_end.py::test_heartbeat_is_ignored PASSED               [ 96%]
tests/test_end_to_end.py::test_binary_ltp_packet_updates_price_cache PASSED [ 96%]
tests/test_end_to_end.py::test_get_price_and_get_prices_after_binary_message PASSED [ 97%]
tests/test_end_to_end.py::test_compute_ensemble_score_basic[0.5-0.3-0.2-0.5] FAILED [ 97%]
tests/test_end_to_end.py::test_compute_ensemble_score_basic[-0.4--0.3--0.2--0.4] FAILED [ 97%]
tests/test_end_to_end.py::test_compute_ensemble_score_basic[0.0-0.0-0.0-0.0] PASSED [ 97%]
tests/test_end_to_end.py::test_compute_ensemble_v2_structure_and_logic PASSED [ 98%]
tests/test_end_to_end.py::test_raj_trading_bot_run_without_side_effects 